<?xml version="1.0" encoding="UTF-8"?>
<testsuite xmlns:xsi="http://www.w3.org/2001/XMLSchema-instance" xsi:noNamespaceSchemaLocation="https://maven.apache.org/surefire/maven-surefire-plugin/xsd/surefire-test-report-3.0.xsd" version="3.0" name="com.kaiburr.task.TasksApplicationTests" time="4.491" tests="1" errors="0" skipped="0" failures="0">
  <properties>
[...]
</properties>
  <testcase name="contextLoads" classname="com.kaiburr.task.TasksApplicationTests" time="1.169">
    <system-out><![CDATA[19:33:43.891 [main] INFO org.springframework.test.context.support.AnnotationConfigContextLoaderUtils -- Could not detect default configuration classes for test class [com.kaiburr.task.TasksApplicationTests]: TasksApplicationTests does not declare any static, non-private, non-final, nested classes annotated with @Configuration.
19:33:44.018 [main] INFO org.springframework.boot.test.context.SpringBootTestContextBootstrapper -- Found @SpringBootConfiguration com.kaiburr.task.TasksApplication for test class com.kaiburr.task.TasksApplicationTests
19:33:44.218 [main] INFO org.springframework.boot.devtools.restart.RestartApplicationListener -- Restart disabled due to context in which it is running

  .   ____          _            __ _ _
 /\\ / ___'_ __ _ _(_)_ __  __ _ \ \ \ \
( ( )\___ | '_ | '_| | '_ \/ _` | \ \ \ \
 \\/  ___)| |_)| | | | | || (_| |  ) ) ) )
  '  |____| .__|_| |_|_| |_\__, | / / / /
 =========|_|==============|___/=/_/_/_/
 :: Spring Boot ::                (v3.2.1)

2024-01-14T19:33:44.492+05:30  INFO 19332 --- [           main] m.p.springdotenv.DotenvPropertySource    : Initializing Dotenv with DotenvConfig{directory=null, filename=null, ignoreIfMalformed=false, ignoreIfMissing=true, systemProperties=false, prefix=null}
2024-01-14T19:33:44.510+05:30  INFO 19332 --- [           main] com.kaiburr.task.TasksApplicationTests   : Starting TasksApplicationTests using Java 17.0.9 with PID 19332 (started by mljb4 in U:\PROGRAMMING\SPRING BOOT\Kaiburr App\Tasks)
2024-01-14T19:33:44.511+05:30  INFO 19332 --- [           main] com.kaiburr.task.TasksApplicationTests   : No active profile set, falling back to 1 default profile: "default"
2024-01-14T19:33:45.161+05:30  INFO 19332 --- [           main] .s.d.r.c.RepositoryConfigurationDelegate : Bootstrapping Spring Data MongoDB repositories in DEFAULT mode.
2024-01-14T19:33:45.228+05:30  INFO 19332 --- [           main] .s.d.r.c.RepositoryConfigurationDelegate : Finished Spring Data repository scanning in 59 ms. Found 1 MongoDB repository interface.
2024-01-14T19:33:45.915+05:30  INFO 19332 --- [           main] org.mongodb.driver.client                : MongoClient with metadata {"driver": {"name": "mongo-java-driver|sync|spring-boot", "version": "4.11.1"}, "os": {"type": "Windows", "name": "Windows 11", "architecture": "amd64", "version": "10.0"}, "platform": "Java/Eclipse Adoptium/17.0.9+9"} created with settings MongoClientSettings{readPreference=primary, writeConcern=WriteConcern{w=null, wTimeout=null ms, journal=null}, retryWrites=true, retryReads=true, readConcern=ReadConcern{level=null}, credential=MongoCredential{mechanism=null, userName='mljb413', source='admin', password=<hidden>, mechanismProperties=<hidden>}, transportSettings=null, streamFactoryFactory=null, commandListeners=[], codecRegistry=ProvidersCodecRegistry{codecProviders=[ValueCodecProvider{}, BsonValueCodecProvider{}, DBRefCodecProvider{}, DBObjectCodecProvider{}, DocumentCodecProvider{}, CollectionCodecProvider{}, IterableCodecProvider{}, MapCodecProvider{}, GeoJsonCodecProvider{}, GridFSFileCodecProvider{}, Jsr310CodecProvider{}, JsonObjectCodecProvider{}, BsonCodecProvider{}, EnumCodecProvider{}, com.mongodb.client.model.mql.ExpressionCodecProvider@ea04cab, com.mongodb.Jep395RecordCodecProvider@134f8ef6, com.mongodb.KotlinCodecProvider@5a90265a]}, loggerSettings=LoggerSettings{maxDocumentLength=1000}, clusterSettings={hosts=[127.0.0.1:27017], srvHost=jb.x6ysvpn.mongodb.net, srvServiceName=mongodb, mode=MULTIPLE, requiredClusterType=REPLICA_SET, requiredReplicaSetName='atlas-f7p3e7-shard-0', serverSelector='null', clusterListeners='[]', serverSelectionTimeout='30000 ms', localThreshold='15 ms'}, socketSettings=SocketSettings{connectTimeoutMS=10000, readTimeoutMS=0, receiveBufferSize=0, proxySettings=ProxySettings{host=null, port=null, username=null, password=null}}, heartbeatSocketSettings=SocketSettings{connectTimeoutMS=10000, readTimeoutMS=10000, receiveBufferSize=0, proxySettings=ProxySettings{host=null, port=null, username=null, password=null}}, connectionPoolSettings=ConnectionPoolSettings{maxSize=100, minSize=0, maxWaitTimeMS=120000, maxConnectionLifeTimeMS=0, maxConnectionIdleTimeMS=0, maintenanceInitialDelayMS=0, maintenanceFrequencyMS=60000, connectionPoolListeners=[], maxConnecting=2}, serverSettings=ServerSettings{heartbeatFrequencyMS=10000, minHeartbeatFrequencyMS=500, serverListeners='[]', serverMonitorListeners='[]'}, sslSettings=SslSettings{enabled=true, invalidHostNameAllowed=false, context=null}, applicationName='null', compressorList=[], uuidRepresentation=JAVA_LEGACY, serverApi=null, autoEncryptionSettings=null, dnsClient=null, inetAddressResolver=null, contextProvider=null}
2024-01-14T19:33:46.077+05:30  INFO 19332 --- [vpn.mongodb.net] org.mongodb.driver.cluster               : Adding discovered server ac-ds99mfg-shard-00-02.x6ysvpn.mongodb.net:27017 to client view of cluster
2024-01-14T19:33:46.109+05:30  INFO 19332 --- [vpn.mongodb.net] org.mongodb.driver.cluster               : Adding discovered server ac-ds99mfg-shard-00-00.x6ysvpn.mongodb.net:27017 to client view of cluster
2024-01-14T19:33:46.112+05:30  INFO 19332 --- [vpn.mongodb.net] org.mongodb.driver.cluster               : Adding discovered server ac-ds99mfg-shard-00-01.x6ysvpn.mongodb.net:27017 to client view of cluster
2024-01-14T19:33:46.846+05:30  INFO 19332 --- [ngodb.net:27017] org.mongodb.driver.cluster               : Monitor thread successfully connected to server with description ServerDescription{address=ac-ds99mfg-shard-00-01.x6ysvpn.mongodb.net:27017, type=REPLICA_SET_PRIMARY, state=CONNECTED, ok=true, minWireVersion=0, maxWireVersion=17, maxDocumentSize=16777216, logicalSessionTimeoutMinutes=30, roundTripTimeNanos=331845400, setName='atlas-f7p3e7-shard-0', canonicalAddress=ac-ds99mfg-shard-00-01.x6ysvpn.mongodb.net:27017, hosts=[ac-ds99mfg-shard-00-00.x6ysvpn.mongodb.net:27017, ac-ds99mfg-shard-00-01.x6ysvpn.mongodb.net:27017, ac-ds99mfg-shard-00-02.x6ysvpn.mongodb.net:27017], passives=[], arbiters=[], primary='ac-ds99mfg-shard-00-01.x6ysvpn.mongodb.net:27017', tagSet=TagSet{[Tag{name='availabilityZone', value='aps1-az3'}, Tag{name='diskState', value='READY'}, Tag{name='nodeType', value='ELECTABLE'}, Tag{name='provider', value='AWS'}, Tag{name='region', value='AP_SOUTH_1'}, Tag{name='workloadType', value='OPERATIONAL'}]}, electionId=7fffffff0000000000000004, setVersion=1, topologyVersion=TopologyVersion{processId=65a29b14065a9da09f44a98a, counter=6}, lastWriteDate=Sun Jan 14 19:33:49 IST 2024, lastUpdateTimeNanos=43352883352400}
2024-01-14T19:33:46.846+05:30  INFO 19332 --- [ngodb.net:27017] org.mongodb.driver.cluster               : Monitor thread successfully connected to server with description ServerDescription{address=ac-ds99mfg-shard-00-02.x6ysvpn.mongodb.net:27017, type=REPLICA_SET_SECONDARY, state=CONNECTED, ok=true, minWireVersion=0, maxWireVersion=17, maxDocumentSize=16777216, logicalSessionTimeoutMinutes=30, roundTripTimeNanos=325498900, setName='atlas-f7p3e7-shard-0', canonicalAddress=ac-ds99mfg-shard-00-02.x6ysvpn.mongodb.net:27017, hosts=[ac-ds99mfg-shard-00-00.x6ysvpn.mongodb.net:27017, ac-ds99mfg-shard-00-01.x6ysvpn.mongodb.net:27017, ac-ds99mfg-shard-00-02.x6ysvpn.mongodb.net:27017], passives=[], arbiters=[], primary='ac-ds99mfg-shard-00-01.x6ysvpn.mongodb.net:27017', tagSet=TagSet{[Tag{name='availabilityZone', value='aps1-az2'}, Tag{name='diskState', value='READY'}, Tag{name='nodeType', value='ELECTABLE'}, Tag{name='provider', value='AWS'}, Tag{name='region', value='AP_SOUTH_1'}, Tag{name='workloadType', value='OPERATIONAL'}]}, electionId=null, setVersion=1, topologyVersion=TopologyVersion{processId=65a29c487e1a4d1563a2e1df, counter=3}, lastWriteDate=Sun Jan 14 19:33:49 IST 2024, lastUpdateTimeNanos=43352883937600}
2024-01-14T19:33:46.846+05:30  INFO 19332 --- [ngodb.net:27017] org.mongodb.driver.cluster               : Monitor thread successfully connected to server with description ServerDescription{address=ac-ds99mfg-shard-00-00.x6ysvpn.mongodb.net:27017, type=REPLICA_SET_SECONDARY, state=CONNECTED, ok=true, minWireVersion=0, maxWireVersion=17, maxDocumentSize=16777216, logicalSessionTimeoutMinutes=30, roundTripTimeNanos=325555500, setName='atlas-f7p3e7-shard-0', canonicalAddress=ac-ds99mfg-shard-00-00.x6ysvpn.mongodb.net:27017, hosts=[ac-ds99mfg-shard-00-00.x6ysvpn.mongodb.net:27017, ac-ds99mfg-shard-00-01.x6ysvpn.mongodb.net:27017, ac-ds99mfg-shard-00-02.x6ysvpn.mongodb.net:27017], passives=[], arbiters=[], primary='ac-ds99mfg-shard-00-01.x6ysvpn.mongodb.net:27017', tagSet=TagSet{[Tag{name='availabilityZone', value='aps1-az1'}, Tag{name='diskState', value='READY'}, Tag{name='nodeType', value='ELECTABLE'}, Tag{name='provider', value='AWS'}, Tag{name='region', value='AP_SOUTH_1'}, Tag{name='workloadType', value='OPERATIONAL'}]}, electionId=null, setVersion=1, topologyVersion=TopologyVersion{processId=65a299ea045bda734b3e2552, counter=4}, lastWriteDate=Sun Jan 14 19:33:49 IST 2024, lastUpdateTimeNanos=43352883352400}
2024-01-14T19:33:46.850+05:30  INFO 19332 --- [ngodb.net:27017] org.mongodb.driver.cluster               : Discovered replica set primary ac-ds99mfg-shard-00-01.x6ysvpn.mongodb.net:27017 with max election id 7fffffff0000000000000004 and max set version 1
2024-01-14T19:33:47.027+05:30  INFO 19332 --- [           main] com.kaiburr.task.TasksApplicationTests   : Started TasksApplicationTests in 2.833 seconds (process running for 3.875)
]]></system-out>
  </testcase>
</testsuite>